<?xml version="1.0" encoding="UTF-8"?>
<Site BuildName="Win32-MSBuild"
	BuildStamp="20231129-2230-Experimental"
	Name="VOSTRO-7590"
	Generator="ctest-3.20.21032501-MSVC_2"
	CompilerName="C:/Program Files (x86)/Microsoft Visual Studio/2019/Community/VC/Tools/MSVC/14.29.30133/bin/Hostx86/x64/cl.exe"
	CompilerVersion="19.29.30147.0"
	OSName="Windows"
	Hostname="VOSTRO-7590"
	OSRelease=" Professional"
	OSVersion=" (Build 19045)"
	OSPlatform="AMD64"
	Is64Bits="1"
	VendorString="GenuineIntel"
	VendorID="Intel Corporation"
	FamilyID="6"
	ModelID="14"
	ProcessorCacheSize="-1"
	NumberOfLogicalCPU="12"
	NumberOfPhysicalCPU="6"
	TotalVirtualMemory="28451"
	TotalPhysicalMemory="16163"
	LogicalProcessorsPerPhysical="2"
	ProcessorClockFrequency="2592"
	>
	<Testing>
		<StartDateTime>Nov 29 14:30 [NON-UTF-8-BYTE-0xC5][NON-UTF-8-BYTE-0xC2][NON-UTF-8-BYTE-0xC6][NON-UTF-8-BYTE-0xF2][NON-UTF-8-BYTE-0xBE][NON-UTF-8-BYTE-0xE7] ǥ[NON-UTF-8-BYTE-0xC1]ؽ[NON-UTF-8-BYTE-0xC3]</StartDateTime>
		<StartTestTime>1701297041</StartTestTime>
		<TestList/>
		<EndDateTime>Nov 29 14:30 [NON-UTF-8-BYTE-0xC5][NON-UTF-8-BYTE-0xC2][NON-UTF-8-BYTE-0xC6][NON-UTF-8-BYTE-0xF2][NON-UTF-8-BYTE-0xBE][NON-UTF-8-BYTE-0xE7] ǥ[NON-UTF-8-BYTE-0xC1]ؽ[NON-UTF-8-BYTE-0xC3]</EndDateTime>
		<EndTestTime>1701297041</EndTestTime>
		<ElapsedMinutes>0</ElapsedMinutes>
	</Testing>
</Site>
